#
# There is insufficient memory for the Java Runtime Environment to continue.
# Native memory allocation (mmap) failed to map 4030464 bytes for G1 virtual space
# Possible reasons:
#   The system is out of physical RAM or swap space
#   The process is running with CompressedOops enabled, and the Java Heap may be blocking the growth of the native heap
# Possible solutions:
#   Reduce memory load on the system
#   Increase physical memory or swap space
#   Check if swap backing store is full
#   Decrease Java heap size (-Xmx/-Xms)
#   Decrease number of Java threads
#   Decrease Java thread stack sizes (-Xss)
#   Set larger code cache with -XX:ReservedCodeCacheSize=
#   JVM is running with Zero Based Compressed Oops mode in which the Java heap is
#     placed in the first 32GB address space. The Java Heap base address is the
#     maximum limit for the native heap growth. Please use -XX:HeapBaseMinAddress
#     to set the Java Heap base and to place the Java Heap above 32GB virtual address.
# This output file may be truncated or incomplete.
#
#  Out of Memory Error (os_windows.cpp:3550), pid=14320, tid=8592
#
# JRE version:  (17.0.8+9) (build )
# Java VM: Java HotSpot(TM) 64-Bit Server VM (17.0.8+9-LTS-211, mixed mode, emulated-client, sharing, tiered, compressed oops, compressed class ptrs, g1 gc, windows-amd64)
# No core dump will be written. Minidumps are not enabled by default on client versions of Windows
#

---------------  S U M M A R Y ------------

Command Line: -XX:TieredStopAtLevel=1 -Dspring.output.ansi.enabled=always -Dcom.sun.management.jmxremote -Dspring.jmx.enabled=true -Dspring.liveBeansView.mbeanDomain -Dspring.application.admin.enabled=true -Dmanagement.endpoints.jmx.exposure.include=* -javaagent:C:\Program Files\JetBrains\IntelliJ IDEA 2024.2.1\lib\idea_rt.jar=54293:C:\Program Files\JetBrains\IntelliJ IDEA 2024.2.1\bin -Dfile.encoding=UTF-8 com.example.Fstock.FstockApplication

Host: AMD Ryzen 5 5500U with Radeon Graphics         , 12 cores, 15G,  Windows 11 , 64 bit Build 26100 (10.0.26100.2454)
Time: Thu Feb 13 15:51:46 2025 SE Asia Standard Time elapsed time: 2.170944 seconds (0d 0h 0m 2s)

---------------  T H R E A D  ---------------

Current thread (0x000001706fecc0c0):  JavaThread "Unknown thread" [_thread_in_vm, id=8592, stack(0x000000567ca00000,0x000000567cb00000)]

Stack: [0x000000567ca00000,0x000000567cb00000]
Native frames: (J=compiled Java code, j=interpreted, Vv=VM code, C=native code)
V  [jvm.dll+0x677d0a]
V  [jvm.dll+0x7d8c54]
V  [jvm.dll+0x7da3fe]
V  [jvm.dll+0x7daa63]
V  [jvm.dll+0x245c5f]
V  [jvm.dll+0x674bb9]
V  [jvm.dll+0x6694f2]
V  [jvm.dll+0x3031d6]
V  [jvm.dll+0x30a756]
V  [jvm.dll+0x359fb3]
V  [jvm.dll+0x35a1cf]
V  [jvm.dll+0x2da3e8]
V  [jvm.dll+0x2db354]
V  [jvm.dll+0x7aa711]
V  [jvm.dll+0x367b51]
V  [jvm.dll+0x789979]
V  [jvm.dll+0x3eb05f]
V  [jvm.dll+0x3ecae1]
C  [jli.dll+0x5297]
C  [ucrtbase.dll+0x14ea0]
C  [KERNEL32.DLL+0x2e8d7]
C  [ntdll.dll+0xdfbcc]


---------------  P R O C E S S  ---------------

Threads class SMR info:
_java_thread_list=0x00007ffcd0aa59d8, length=0, elements={
}

Java Threads: ( => current thread )

Other Threads:
  0x000001706ff45b50 GCTaskThread "GC Thread#0" [stack: 0x000000567cb00000,0x000000567cc00000] [id=9104]
  0x000001706ff5b2f0 ConcurrentGCThread "G1 Main Marker" [stack: 0x000000567cc00000,0x000000567cd00000] [id=11296]
  0x000001706ff5cb20 ConcurrentGCThread "G1 Conc#0" [stack: 0x000000567cd00000,0x000000567ce00000] [id=19464]

[error occurred during error reporting (printing all threads), id 0xc0000005, EXCEPTION_ACCESS_VIOLATION (0xc0000005) at pc=0x00007ffcd02db047]

VM state: not at safepoint (not fully initialized)

VM Mutex/Monitor currently owned by a thread:  ([mutex/lock_event])
[0x000001706fed98f0] Heap_lock - owner thread: 0x000001706fecc0c0

Heap address: 0x000000070a400000, size: 3932 MB, Compressed Oops mode: Zero based, Oop shift amount: 3

CDS archive(s) mapped at: [0x0000000000000000-0x0000000000000000-0x0000000000000000), size 0, SharedBaseAddress: 0x0000000800000000, ArchiveRelocationMode: 1.
Narrow klass base: 0x0000000000000000, Narrow klass shift: 0, Narrow klass range: 0x0

GC Precious Log:
<Empty>

Heap:
 garbage-first heap   total 0K, used 0K [0x000000070a400000, 0x0000000800000000)
  region size 2048K, 0 young (0K), 0 survivors (0K)

[error occurred during error reporting (printing heap information), id 0xc0000005, EXCEPTION_ACCESS_VIOLATION (0xc0000005) at pc=0x00007ffcd06c1499]

GC Heap History (0 events):
No events

Deoptimization events (0 events):
No events

Classes unloaded (0 events):
No events

Classes redefined (0 events):
No events

Internal exceptions (0 events):
No events

VM Operations (0 events):
No events

Events (1 events):
Event: 0.060 Loaded shared library C:\Program Files\Java\jdk-17.0.8\bin\java.dll


Dynamic libraries:
0x00007ff6a28b0000 - 0x00007ff6a28c0000 	C:\Program Files\Java\jdk-17.0.8\bin\java.exe
0x00007ffd6f900000 - 0x00007ffd6fb63000 	C:\WINDOWS\SYSTEM32\ntdll.dll
0x00007ffd6e630000 - 0x00007ffd6e6f8000 	C:\WINDOWS\System32\KERNEL32.DLL
0x00007ffd6ce20000 - 0x00007ffd6d1d2000 	C:\WINDOWS\System32\KERNELBASE.dll
0x00007ffd6ccd0000 - 0x00007ffd6ce1b000 	C:\WINDOWS\System32\ucrtbase.dll
0x00007ffd41e20000 - 0x00007ffd41e3b000 	C:\Program Files\Java\jdk-17.0.8\bin\VCRUNTIME140.dll
0x00007ffd54410000 - 0x00007ffd54429000 	C:\Program Files\Java\jdk-17.0.8\bin\jli.dll
0x00007ffd6f530000 - 0x00007ffd6f5e4000 	C:\WINDOWS\System32\ADVAPI32.dll
0x00007ffd6e530000 - 0x00007ffd6e5d9000 	C:\WINDOWS\System32\msvcrt.dll
0x00007ffd6ec50000 - 0x00007ffd6ecf6000 	C:\WINDOWS\System32\sechost.dll
0x00007ffd6ed00000 - 0x00007ffd6ee16000 	C:\WINDOWS\System32\RPCRT4.dll
0x00007ffd6e190000 - 0x00007ffd6e358000 	C:\WINDOWS\System32\USER32.dll
0x00007ffd6d280000 - 0x00007ffd6d2a7000 	C:\WINDOWS\System32\win32u.dll
0x00007ffd3a550000 - 0x00007ffd3a7e0000 	C:\WINDOWS\WinSxS\amd64_microsoft.windows.common-controls_6595b64144ccf1df_6.0.26100.2454_none_3e0b68a2e331ad60\COMCTL32.dll
0x00007ffd6ddc0000 - 0x00007ffd6ddea000 	C:\WINDOWS\System32\GDI32.dll
0x00007ffd6d4b0000 - 0x00007ffd6d5db000 	C:\WINDOWS\System32\gdi32full.dll
0x00007ffd6d400000 - 0x00007ffd6d4a3000 	C:\WINDOWS\System32\msvcp_win.dll
0x00007ffd67020000 - 0x00007ffd6702b000 	C:\WINDOWS\SYSTEM32\VERSION.dll
0x00007ffd6e5e0000 - 0x00007ffd6e60f000 	C:\WINDOWS\System32\IMM32.DLL
0x00007ffd54400000 - 0x00007ffd5440c000 	C:\Program Files\Java\jdk-17.0.8\bin\vcruntime140_1.dll
0x00007ffd31ee0000 - 0x00007ffd31f6e000 	C:\Program Files\Java\jdk-17.0.8\bin\msvcp140.dll
0x00007ffccfff0000 - 0x00007ffcd0bce000 	C:\Program Files\Java\jdk-17.0.8\bin\server\jvm.dll
0x00007ffd6e620000 - 0x00007ffd6e628000 	C:\WINDOWS\System32\PSAPI.DLL
0x00007ffd66fe0000 - 0x00007ffd67016000 	C:\WINDOWS\SYSTEM32\WINMM.dll
0x00007ffd64b20000 - 0x00007ffd64b2a000 	C:\WINDOWS\SYSTEM32\WSOCK32.dll
0x00007ffd6dd40000 - 0x00007ffd6ddb4000 	C:\WINDOWS\System32\WS2_32.dll
0x00007ffd6bb10000 - 0x00007ffd6bb2a000 	C:\WINDOWS\SYSTEM32\kernel.appcore.dll
0x00007ffd54330000 - 0x00007ffd5433a000 	C:\Program Files\Java\jdk-17.0.8\bin\jimage.dll
0x00007ffd5fa90000 - 0x00007ffd5fcd1000 	C:\WINDOWS\SYSTEM32\DBGHELP.DLL
0x00007ffd6e700000 - 0x00007ffd6ea7e000 	C:\WINDOWS\System32\combase.dll
0x00007ffd6dfc0000 - 0x00007ffd6e096000 	C:\WINDOWS\System32\OLEAUT32.dll
0x00007ffd56850000 - 0x00007ffd56889000 	C:\WINDOWS\SYSTEM32\dbgcore.DLL
0x00007ffd6d1e0000 - 0x00007ffd6d279000 	C:\WINDOWS\System32\bcryptPrimitives.dll
0x00007ffd43640000 - 0x00007ffd4364e000 	C:\Program Files\Java\jdk-17.0.8\bin\instrument.dll
0x00007ffd38c30000 - 0x00007ffd38c55000 	C:\Program Files\Java\jdk-17.0.8\bin\java.dll

dbghelp: loaded successfully - version: 4.0.5 - missing functions: none
symbol engine: initialized successfully - sym options: 0x614 - pdb path: .;C:\Program Files\Java\jdk-17.0.8\bin;C:\WINDOWS\SYSTEM32;C:\WINDOWS\WinSxS\amd64_microsoft.windows.common-controls_6595b64144ccf1df_6.0.26100.2454_none_3e0b68a2e331ad60;C:\Program Files\Java\jdk-17.0.8\bin\server

VM Arguments:
jvm_args: -XX:TieredStopAtLevel=1 -Dspring.output.ansi.enabled=always -Dcom.sun.management.jmxremote -Dspring.jmx.enabled=true -Dspring.liveBeansView.mbeanDomain -Dspring.application.admin.enabled=true -Dmanagement.endpoints.jmx.exposure.include=* -javaagent:C:\Program Files\JetBrains\IntelliJ IDEA 2024.2.1\lib\idea_rt.jar=54293:C:\Program Files\JetBrains\IntelliJ IDEA 2024.2.1\bin -Dfile.encoding=UTF-8 
java_command: com.example.Fstock.FstockApplication
java_class_path (initial): E:\E-commerce\Fstock\target\classes;C:\Users\Son\.m2\repository\org\springframework\boot\spring-boot-starter-data-jpa\3.4.2\spring-boot-starter-data-jpa-3.4.2.jar;C:\Users\Son\.m2\repository\org\springframework\boot\spring-boot-starter\3.4.2\spring-boot-starter-3.4.2.jar;C:\Users\Son\.m2\repository\org\springframework\boot\spring-boot-starter-logging\3.4.2\spring-boot-starter-logging-3.4.2.jar;C:\Users\Son\.m2\repository\ch\qos\logback\logback-classic\1.5.16\logback-classic-1.5.16.jar;C:\Users\Son\.m2\repository\ch\qos\logback\logback-core\1.5.16\logback-core-1.5.16.jar;C:\Users\Son\.m2\repository\org\apache\logging\log4j\log4j-to-slf4j\2.24.3\log4j-to-slf4j-2.24.3.jar;C:\Users\Son\.m2\repository\org\apache\logging\log4j\log4j-api\2.24.3\log4j-api-2.24.3.jar;C:\Users\Son\.m2\repository\org\slf4j\jul-to-slf4j\2.0.16\jul-to-slf4j-2.0.16.jar;C:\Users\Son\.m2\repository\jakarta\annotation\jakarta.annotation-api\2.1.1\jakarta.annotation-api-2.1.1.jar;C:\Users\Son\.m2\repository\org\yaml\snakeyaml\2.3\snakeyaml-2.3.jar;C:\Users\Son\.m2\repository\org\springframework\boot\spring-boot-starter-jdbc\3.4.2\spring-boot-starter-jdbc-3.4.2.jar;C:\Users\Son\.m2\repository\com\zaxxer\HikariCP\5.1.0\HikariCP-5.1.0.jar;C:\Users\Son\.m2\repository\org\springframework\spring-jdbc\6.2.2\spring-jdbc-6.2.2.jar;C:\Users\Son\.m2\repository\org\hibernate\orm\hibernate-core\6.6.5.Final\hibernate-core-6.6.5.Final.jar;C:\Users\Son\.m2\repository\jakarta\persistence\jakarta.persistence-api\3.1.0\jakarta.persistence-api-3.1.0.jar;C:\Users\Son\.m2\repository\jakarta\transaction\jakarta.transaction-api\2.0.1\jakarta.transaction-api-2.0.1.jar;C:\Users\Son\.m2\repository\org\jboss\logging\jboss-logging\3.6.1.Final\jboss-logging-3.6.1.Final.jar;C:\Users\Son\.m2\repository\org\hibernate\common\hibernate-commons-annotations\7.0.3.Final\hibernate-commons-annotations-7.0.3.Final.jar;C:\Users\Son\.m2\repository\io\smallrye\jandex\3.2.0\jandex-3.2.0.jar;C:\Users\Son\.m2\reposito
Launcher Type: SUN_STANDARD

[Global flags]
     intx CICompilerCount                          = 4                                         {product} {ergonomic}
     uint ConcGCThreads                            = 3                                         {product} {ergonomic}
     uint G1ConcRefinementThreads                  = 10                                        {product} {ergonomic}
   size_t G1HeapRegionSize                         = 2097152                                   {product} {ergonomic}
    uintx GCDrainStackTargetSize                   = 64                                        {product} {ergonomic}
   size_t InitialHeapSize                          = 257949696                                 {product} {ergonomic}
     bool ManagementServer                         = true                                      {product} {command line}
   size_t MarkStackSize                            = 4194304                                   {product} {ergonomic}
   size_t MaxHeapSize                              = 4123000832                                {product} {ergonomic}
   size_t MinHeapDeltaBytes                        = 2097152                                   {product} {ergonomic}
   size_t MinHeapSize                              = 8388608                                   {product} {ergonomic}
    uintx NonProfiledCodeHeapSize                  = 0                                      {pd product} {ergonomic}
     bool ProfileInterpreter                       = false                                  {pd product} {command line}
    uintx ProfiledCodeHeapSize                     = 0                                      {pd product} {ergonomic}
   size_t SoftMaxHeapSize                          = 4123000832                             {manageable} {ergonomic}
     intx TieredStopAtLevel                        = 1                                         {product} {command line}
     bool UseCompressedClassPointers               = true                           {product lp64_product} {ergonomic}
     bool UseCompressedOops                        = true                           {product lp64_product} {ergonomic}
     bool UseG1GC                                  = true                                      {product} {ergonomic}
     bool UseLargePagesIndividualAllocation        = false                                  {pd product} {ergonomic}

Logging:
Log output configuration:
 #0: stdout all=warning uptime,level,tags
 #1: stderr all=off uptime,level,tags

Environment Variables:
JAVA_HOME=C:\Program Files\Java\jdk-17
PATH=C:\Program Files\Microsoft MPI\Bin\;C:\Program Files\Common Files\Oracle\Java\javapath;C:\Program Files (x86)\Common Files\Oracle\Java\javapath;C:\msys64\mingw64\bin;C:\WINDOWS\system32;C:\WINDOWS;C:\WINDOWS\System32\Wbem;C:\WINDOWS\System32\WindowsPowerShell\v1.0\;C:\WINDOWS\System32\OpenSSH\;C:\Program Files\apache-maven-3.9.5\bin;C:\Program Files\Java\jdk-17\bin;C:\Program Files\dotnet\;C:\Program Files\Microsoft SQL Server\150\Tools\Binn\;C:\Program Files\Microsoft SQL Server\Client SDK\ODBC\170\Tools\Binn\;C:\Program Files (x86)\Microsoft SQL Server\160\Tools\Binn\;C:\Program Files\Microsoft SQL Server\160\Tools\Binn\;C:\Program Files\Microsoft SQL Server\160\DTS\Binn\;C:\Program Files (x86)\Microsoft SQL Server\160\DTS\Binn\;C:\Program Files\Git\cmd;C:\Program Files\nodejs\;C:\Users\Son\AppData\Local\Programs\Python\Python311\Scripts\;C:\Users\Son\AppData\Local\Programs\Python\Python311\;C:\Users\Son\AppData\Local\Programs\Python\Launcher\;C:\Users\Son\AppData\Local\Microsoft\WindowsApps;C:\msys64\mingw64\bin;C:\Users\Son\.dotnet\tools;C:\Program Files\JetBrains\IntelliJ IDEA 2024.2.1\bin;;C:\Users\Son\AppData\Local\Programs\Azure Data Studio\bin;C:\Users\Son\AppData\Roaming\npm;C:\Users\Son\AppData\Local\Programs\Microsoft VS Code\bin
USERNAME=Son
OS=Windows_NT
PROCESSOR_IDENTIFIER=AMD64 Family 23 Model 104 Stepping 1, AuthenticAMD



---------------  S Y S T E M  ---------------

OS:
 Windows 11 , 64 bit Build 26100 (10.0.26100.2454)
OS uptime: 0 days 3:00 hours

CPU: total 12 (initial active 12) (12 cores per cpu, 2 threads per core) family 23 model 104 stepping 1 microcode 0x8608107, cx8, cmov, fxsr, ht, mmx, 3dnowpref, sse, sse2, sse3, ssse3, sse4a, sse4.1, sse4.2, popcnt, lzcnt, tsc, tscinvbit, avx, avx2, aes, clmul, bmi1, bmi2, adx, sha, fma, vzeroupper, clflush, clflushopt

Memory: 4k page, system-wide physical 15720M (875M free)
TotalPageFile size 23400M (AvailPageFile size 16M)
current process WorkingSet (physical memory assigned to process): 12M, peak: 12M
current process commit charge ("private bytes"): 306M, peak: 310M

vm_info: Java HotSpot(TM) 64-Bit Server VM (17.0.8+9-LTS-211) for windows-amd64 JRE (17.0.8+9-LTS-211), built on Jun 14 2023 10:34:31 by "mach5one" with MS VC++ 17.1 (VS2022)

END.
