#
# There is insufficient memory for the Java Runtime Environment to continue.
# Native memory allocation (malloc) failed to allocate 1048576 bytes for AllocateHeap
# Possible reasons:
#   The system is out of physical RAM or swap space
#   The process is running with CompressedOops enabled, and the Java Heap may be blocking the growth of the native heap
# Possible solutions:
#   Reduce memory load on the system
#   Increase physical memory or swap space
#   Check if swap backing store is full
#   Decrease Java heap size (-Xmx/-Xms)
#   Decrease number of Java threads
#   Decrease Java thread stack sizes (-Xss)
#   Set larger code cache with -XX:ReservedCodeCacheSize=
#   JVM is running with Zero Based Compressed Oops mode in which the Java heap is
#     placed in the first 32GB address space. The Java Heap base address is the
#     maximum limit for the native heap growth. Please use -XX:HeapBaseMinAddress
#     to set the Java Heap base and to place the Java Heap above 32GB virtual address.
# This output file may be truncated or incomplete.
#
#  Out of Memory Error (allocation.cpp:44), pid=10804, tid=10904
#
# JRE version: Java(TM) SE Runtime Environment (17.0.8+9) (build 17.0.8+9-LTS-211)
# Java VM: Java HotSpot(TM) 64-Bit Server VM (17.0.8+9-LTS-211, mixed mode, emulated-client, sharing, tiered, compressed oops, compressed class ptrs, g1 gc, windows-amd64)
# No core dump will be written. Minidumps are not enabled by default on client versions of Windows
#

---------------  S U M M A R Y ------------

Command Line: -XX:TieredStopAtLevel=1 -Dspring.output.ansi.enabled=always -Dcom.sun.management.jmxremote -Dspring.jmx.enabled=true -Dspring.liveBeansView.mbeanDomain -Dspring.application.admin.enabled=true -Dmanagement.endpoints.jmx.exposure.include=* -javaagent:C:\Program Files\JetBrains\IntelliJ IDEA 2024.2.1\lib\idea_rt.jar=49941:C:\Program Files\JetBrains\IntelliJ IDEA 2024.2.1\bin -Dfile.encoding=UTF-8 com.example.Fstock.FstockApplication

Host: AMD Ryzen 5 5500U with Radeon Graphics         , 12 cores, 15G,  Windows 11 , 64 bit Build 26100 (10.0.26100.3323)
Time: Fri Apr  4 16:05:12 2025 SE Asia Standard Time elapsed time: 5601.013818 seconds (0d 1h 33m 21s)

---------------  T H R E A D  ---------------

Current thread (0x000001af5d4dcb10):  VMThread "VM Thread" [stack: 0x0000007065900000,0x0000007065a00000] [id=10904]

Stack: [0x0000007065900000,0x0000007065a00000]
Native frames: (J=compiled Java code, j=interpreted, Vv=VM code, C=native code)
V  [jvm.dll+0x677d0a]
V  [jvm.dll+0x7d8c54]
V  [jvm.dll+0x7da3fe]
V  [jvm.dll+0x7daa63]
V  [jvm.dll+0x245c5f]
V  [jvm.dll+0xa50e3]
V  [jvm.dll+0x2f46e3]
V  [jvm.dll+0x2f0640]
V  [jvm.dll+0x2d8c17]
V  [jvm.dll+0x31b567]
V  [jvm.dll+0x7df26b]
V  [jvm.dll+0x7dffa4]
V  [jvm.dll+0x7e04bd]
V  [jvm.dll+0x7e0894]
V  [jvm.dll+0x7e0960]
V  [jvm.dll+0x788bba]
V  [jvm.dll+0x676b35]
C  [ucrtbase.dll+0x37b0]
C  [KERNEL32.DLL+0x2e8d7]
C  [ntdll.dll+0xbbf6c]

VM_Operation (0x00000070651ff230): G1CollectFull, mode: safepoint, requested by thread 0x000001af65214a70


---------------  P R O C E S S  ---------------

Threads class SMR info:
_java_thread_list=0x000001af65348720, length=19, elements={
0x000001af5d4e0140, 0x000001af5d4e2b00, 0x000001af5d4f4f70, 0x000001af5d4f5830,
0x000001af5d4f71f0, 0x000001af5d4f7ba0, 0x000001af5d4f8550, 0x000001af5d4faf50,
0x000001af5d577770, 0x000001af62129770, 0x000001af62129c40, 0x000001af622cf100,
0x000001af623ec630, 0x000001af6240ba10, 0x000001af637b76b0, 0x000001af637b6840,
0x000001af637ba200, 0x000001af65219440, 0x000001af65214a70
}

Java Threads: ( => current thread )
  0x000001af5d4e0140 JavaThread "Reference Handler" daemon [_thread_blocked, id=10908, stack(0x0000007065a00000,0x0000007065b00000)]
  0x000001af5d4e2b00 JavaThread "Finalizer" daemon [_thread_blocked, id=10924, stack(0x0000007065b00000,0x0000007065c00000)]
  0x000001af5d4f4f70 JavaThread "Signal Dispatcher" daemon [_thread_blocked, id=10928, stack(0x0000007065c00000,0x0000007065d00000)]
  0x000001af5d4f5830 JavaThread "Attach Listener" daemon [_thread_blocked, id=3764, stack(0x0000007065d00000,0x0000007065e00000)]
  0x000001af5d4f71f0 JavaThread "Service Thread" daemon [_thread_blocked, id=10932, stack(0x0000007065e00000,0x0000007065f00000)]
  0x000001af5d4f7ba0 JavaThread "Monitor Deflation Thread" daemon [_thread_blocked, id=10936, stack(0x0000007065f00000,0x0000007066000000)]
  0x000001af5d4f8550 JavaThread "C1 CompilerThread0" daemon [_thread_blocked, id=9500, stack(0x0000007066000000,0x0000007066100000)]
  0x000001af5d4faf50 JavaThread "Sweeper thread" daemon [_thread_blocked, id=10940, stack(0x0000007066100000,0x0000007066200000)]
  0x000001af5d577770 JavaThread "Common-Cleaner" daemon [_thread_blocked, id=10960, stack(0x0000007066200000,0x0000007066300000)]
  0x000001af62129770 JavaThread "Monitor Ctrl-Break" daemon [_thread_in_native, id=9120, stack(0x0000007066500000,0x0000007066600000)]
  0x000001af62129c40 JavaThread "Notification Thread" daemon [_thread_blocked, id=8972, stack(0x0000007066600000,0x0000007066700000)]
  0x000001af622cf100 JavaThread "RMI TCP Accept-0" daemon [_thread_in_native, id=9908, stack(0x0000007066700000,0x0000007066800000)]
  0x000001af623ec630 JavaThread "RMI Scheduler(0)" daemon [_thread_blocked, id=10912, stack(0x0000007066a00000,0x0000007066b00000)]
  0x000001af6240ba10 JavaThread "JMX server connection timeout 20" daemon [_thread_blocked, id=10012, stack(0x0000007066b00000,0x0000007066c00000)]
  0x000001af637b76b0 JavaThread "mysql-cj-abandoned-connection-cleanup" daemon [_thread_blocked, id=15752, stack(0x0000007067d00000,0x0000007067e00000)]
  0x000001af637b6840 JavaThread "Live Reload Server" daemon [_thread_in_native, id=20216, stack(0x0000007068100000,0x0000007068200000)]
  0x000001af637ba200 JavaThread "DestroyJavaVM" [_thread_blocked, id=10808, stack(0x0000007065300000,0x0000007065400000)]
  0x000001af65219440 JavaThread "RMI TCP Connection(9)-192.168.1.35" daemon [_thread_blocked, id=15268, stack(0x0000007065000000,0x0000007065100000)]
  0x000001af65214a70 JavaThread "Thread-63" [_thread_blocked, id=8572, stack(0x0000007065100000,0x0000007065200000)]

Other Threads:
=>0x000001af5d4dcb10 VMThread "VM Thread" [stack: 0x0000007065900000,0x0000007065a00000] [id=10904]
  0x000001af462c31f0 WatcherThread [stack: 0x0000007066900000,0x0000007066a00000] [id=5104]
  0x000001af46279960 GCTaskThread "GC Thread#0" [stack: 0x0000007065400000,0x0000007065500000] [id=10812]
  0x000001af626d8e80 GCTaskThread "GC Thread#1" [stack: 0x0000007066c00000,0x0000007066d00000] [id=9996]
  0x000001af626d9130 GCTaskThread "GC Thread#2" [stack: 0x0000007066d00000,0x0000007066e00000] [id=10000]
  0x000001af626d93e0 GCTaskThread "GC Thread#3" [stack: 0x0000007066e00000,0x0000007066f00000] [id=8848]
  0x000001af626d9690 GCTaskThread "GC Thread#4" [stack: 0x0000007066f00000,0x0000007067000000] [id=9448]
  0x000001af6270bf00 GCTaskThread "GC Thread#5" [stack: 0x0000007067000000,0x0000007067100000] [id=8416]
  0x000001af6270ccd0 GCTaskThread "GC Thread#6" [stack: 0x0000007067100000,0x0000007067200000] [id=9876]
  0x000001af6270ef90 GCTaskThread "GC Thread#7" [stack: 0x0000007067200000,0x0000007067300000] [id=9888]
  0x000001af6270fcc0 GCTaskThread "GC Thread#8" [stack: 0x0000007067300000,0x0000007067400000] [id=10388]
  0x000001af62710a30 GCTaskThread "GC Thread#9" [stack: 0x0000007067400000,0x0000007067500000] [id=9452]
  0x000001af462a8cd0 ConcurrentGCThread "G1 Main Marker" [stack: 0x0000007065500000,0x0000007065600000] [id=10896]
  0x000001af462aa490 ConcurrentGCThread "G1 Conc#0" [stack: 0x0000007065600000,0x0000007065700000] [id=2692]
  0x000001af627117a0 ConcurrentGCThread "G1 Conc#1" [stack: 0x0000007067900000,0x0000007067a00000] [id=17120]
  0x000001af6270ff70 ConcurrentGCThread "G1 Conc#2" [stack: 0x0000007067a00000,0x0000007067b00000] [id=6856]
  0x000001af5cf54e80 ConcurrentGCThread "G1 Refine#0" [stack: 0x0000007065700000,0x0000007065800000] [id=10920]
  0x000001af5cf55640 ConcurrentGCThread "G1 Service" [stack: 0x0000007065800000,0x0000007065900000] [id=10916]

Threads with active compile tasks:

VM state: at safepoint (normal execution)

VM Mutex/Monitor currently owned by a thread:  ([mutex/lock_event])
[0x000001af447070f0] Threads_lock - owner thread: 0x000001af5d4dcb10
[0x000001af4620cd50] Heap_lock - owner thread: 0x000001af65214a70

Heap address: 0x000000070a400000, size: 3932 MB, Compressed Oops mode: Zero based, Oop shift amount: 3

CDS archive(s) mapped at: [0x000001af00000000-0x000001af00bd0000-0x000001af00bd0000), size 12386304, SharedBaseAddress: 0x000001af00000000, ArchiveRelocationMode: 1.
Compressed class space mapped at: 0x000001af01000000-0x000001af41000000, reserved size: 1073741824
Narrow klass base: 0x000001af00000000, Narrow klass shift: 0, Narrow klass range: 0x100000000

GC Precious Log:
 CPUs: 12 total, 12 available
 Memory: 15720M
 Large Page Support: Disabled
 NUMA Support: Disabled
 Compressed Oops: Enabled (Zero based)
 Heap Region Size: 2M
 Heap Min Capacity: 8M
 Heap Initial Capacity: 246M
 Heap Max Capacity: 3932M
 Pre-touch: Disabled
 Parallel Workers: 10
 Concurrent Workers: 3
 Concurrent Refinement Workers: 10
 Periodic GC: Disabled

Heap:
 garbage-first heap   total 116736K, used 62842K [0x000000070a400000, 0x0000000800000000)
  region size 2048K, 12 young (24576K), 1 survivors (2048K)
 Metaspace       used 93444K, committed 94272K, reserved 1179648K
  class space    used 13554K, committed 13952K, reserved 1048576K

Heap Regions: E=young(eden), S=young(survivor), O=old, HS=humongous(starts), HC=humongous(continues), CS=collection set, F=free, OA=open archive, CA=closed archive, TAMS=top-at-mark-start (previous, next)
|   0|0x000000070a400000, 0x000000070a5ffff0, 0x000000070a600000| 99%| O|  |TAMS 0x000000070a5ffff0, 0x000000070a400000| Untracked 
|   1|0x000000070a600000, 0x000000070a7ffff0, 0x000000070a800000| 99%| O|  |TAMS 0x000000070a7ffff0, 0x000000070a600000| Untracked 
|   2|0x000000070a800000, 0x000000070a9fffd8, 0x000000070aa00000| 99%| O|  |TAMS 0x000000070a9fffd8, 0x000000070a800000| Untracked 
|   3|0x000000070aa00000, 0x000000070ac00000, 0x000000070ac00000|100%| O|  |TAMS 0x000000070ac00000, 0x000000070aa00000| Untracked 
|   4|0x000000070ac00000, 0x000000070adffff0, 0x000000070ae00000| 99%| O|  |TAMS 0x000000070adffff0, 0x000000070ac00000| Untracked 
|   5|0x000000070ae00000, 0x000000070afffff8, 0x000000070b000000| 99%| O|  |TAMS 0x000000070afffff8, 0x000000070ae00000| Untracked 
|   6|0x000000070b000000, 0x000000070b1ffab0, 0x000000070b200000| 99%| O|  |TAMS 0x000000070b1ffab0, 0x000000070b000000| Untracked 
|   7|0x000000070b200000, 0x000000070b400000, 0x000000070b400000|100%| O|  |TAMS 0x000000070b400000, 0x000000070b200000| Untracked 
|   8|0x000000070b400000, 0x000000070b5ffff8, 0x000000070b600000| 99%| O|  |TAMS 0x000000070b5ffff8, 0x000000070b400000| Untracked 
|   9|0x000000070b600000, 0x000000070b7ffff0, 0x000000070b800000| 99%| O|  |TAMS 0x000000070b600000, 0x000000070b600000| Untracked 
|  10|0x000000070b800000, 0x000000070b9fffe8, 0x000000070ba00000| 99%| O|  |TAMS 0x000000070b9fffe8, 0x000000070b800000| Untracked 
|  11|0x000000070ba00000, 0x000000070bbfffd8, 0x000000070bc00000| 99%| O|  |TAMS 0x000000070bbfffd8, 0x000000070ba00000| Untracked 
|  12|0x000000070bc00000, 0x000000070bdffb90, 0x000000070be00000| 99%| O|  |TAMS 0x000000070bc00000, 0x000000070bc00000| Untracked 
|  13|0x000000070be00000, 0x000000070c000000, 0x000000070c000000|100%| O|  |TAMS 0x000000070be00000, 0x000000070be00000| Untracked 
|  14|0x000000070c000000, 0x000000070c03cd70, 0x000000070c200000| 11%| O|  |TAMS 0x000000070c000000, 0x000000070c000000| Untracked 
|  15|0x000000070c200000, 0x000000070c400000, 0x000000070c400000|100%| O|  |TAMS 0x000000070c200000, 0x000000070c200000| Untracked 
|  16|0x000000070c400000, 0x000000070c600000, 0x000000070c600000|100%| O|  |TAMS 0x000000070c400000, 0x000000070c400000| Untracked 
|  17|0x000000070c600000, 0x000000070c65f9f0, 0x000000070c800000| 18%| O|  |TAMS 0x000000070c600000, 0x000000070c600000| Untracked 
|  18|0x000000070c800000, 0x000000070ca00000, 0x000000070ca00000|100%| O|  |TAMS 0x000000070c800000, 0x000000070c800000| Untracked 
|  19|0x000000070ca00000, 0x000000070cacb188, 0x000000070cc00000| 39%| O|  |TAMS 0x000000070ca00000, 0x000000070ca00000| Untracked 
|  20|0x000000070cc00000, 0x000000070ce00000, 0x000000070ce00000|100%| O|  |TAMS 0x000000070cc00000, 0x000000070cc00000| Untracked 
|  21|0x000000070ce00000, 0x000000070d000000, 0x000000070d000000|100%| O|  |TAMS 0x000000070ce00000, 0x000000070ce00000| Untracked 
|  22|0x000000070d000000, 0x000000070d0afc00, 0x000000070d200000| 34%| O|  |TAMS 0x000000070d000000, 0x000000070d000000| Untracked 
|  23|0x000000070d200000, 0x000000070d200000, 0x000000070d400000|  0%| F|  |TAMS 0x000000070d200000, 0x000000070d200000| Untracked 
|  24|0x000000070d400000, 0x000000070d400000, 0x000000070d600000|  0%| F|  |TAMS 0x000000070d400000, 0x000000070d400000| Untracked 
|  25|0x000000070d600000, 0x000000070d600000, 0x000000070d800000|  0%| F|  |TAMS 0x000000070d600000, 0x000000070d600000| Untracked 
|  26|0x000000070d800000, 0x000000070d800000, 0x000000070da00000|  0%| F|  |TAMS 0x000000070d800000, 0x000000070d800000| Untracked 
|  27|0x000000070da00000, 0x000000070da00000, 0x000000070dc00000|  0%| F|  |TAMS 0x000000070da00000, 0x000000070da00000| Untracked 
|  28|0x000000070dc00000, 0x000000070dc00000, 0x000000070de00000|  0%| F|  |TAMS 0x000000070dc00000, 0x000000070dc00000| Untracked 
|  29|0x000000070de00000, 0x000000070de00000, 0x000000070e000000|  0%| F|  |TAMS 0x000000070de00000, 0x000000070de00000| Untracked 
|  30|0x000000070e000000, 0x000000070e000000, 0x000000070e200000|  0%| F|  |TAMS 0x000000070e000000, 0x000000070e000000| Untracked 
|  31|0x000000070e200000, 0x000000070e200000, 0x000000070e400000|  0%| F|  |TAMS 0x000000070e200000, 0x000000070e200000| Untracked 
|  32|0x000000070e400000, 0x000000070e401ac8, 0x000000070e600000|  0%| O|  |TAMS 0x000000070e400000, 0x000000070e400000| Untracked 
|  33|0x000000070e600000, 0x000000070e600000, 0x000000070e800000|  0%| F|  |TAMS 0x000000070e600000, 0x000000070e600000| Untracked 
|  34|0x000000070e800000, 0x000000070e9466b0, 0x000000070ea00000| 63%| S|CS|TAMS 0x000000070e800000, 0x000000070e800000| Complete 
|  35|0x000000070ea00000, 0x000000070ea00000, 0x000000070ec00000|  0%| F|  |TAMS 0x000000070ea00000, 0x000000070ea00000| Untracked 
|  36|0x000000070ec00000, 0x000000070ec00000, 0x000000070ee00000|  0%| F|  |TAMS 0x000000070ec00000, 0x000000070ec00000| Untracked 
|  37|0x000000070ee00000, 0x000000070ee00000, 0x000000070f000000|  0%| F|  |TAMS 0x000000070ee00000, 0x000000070ee00000| Untracked 
|  38|0x000000070f000000, 0x000000070f000000, 0x000000070f200000|  0%| F|  |TAMS 0x000000070f000000, 0x000000070f000000| Untracked 
|  39|0x000000070f200000, 0x000000070f200000, 0x000000070f400000|  0%| F|  |TAMS 0x000000070f200000, 0x000000070f200000| Untracked 
|  40|0x000000070f400000, 0x000000070f400000, 0x000000070f600000|  0%| F|  |TAMS 0x000000070f400000, 0x000000070f400000| Untracked 
|  41|0x000000070f600000, 0x000000070f600000, 0x000000070f800000|  0%| F|  |TAMS 0x000000070f600000, 0x000000070f600000| Untracked 
|  42|0x000000070f800000, 0x000000070f800000, 0x000000070fa00000|  0%| F|  |TAMS 0x000000070f800000, 0x000000070f800000| Untracked 
|  43|0x000000070fa00000, 0x000000070fa00000, 0x000000070fc00000|  0%| F|  |TAMS 0x000000070fa00000, 0x000000070fa00000| Untracked 
|  44|0x000000070fc00000, 0x000000070fc00000, 0x000000070fe00000|  0%| F|  |TAMS 0x000000070fc00000, 0x000000070fc00000| Untracked 
|  45|0x000000070fe00000, 0x000000070fe00000, 0x0000000710000000|  0%| F|  |TAMS 0x000000070fe00000, 0x000000070fe00000| Untracked 
|  46|0x0000000710000000, 0x0000000710093bc8, 0x0000000710200000| 28%| E|  |TAMS 0x0000000710000000, 0x0000000710000000| Complete 
|  47|0x0000000710200000, 0x0000000710400000, 0x0000000710400000|100%| E|CS|TAMS 0x0000000710200000, 0x0000000710200000| Complete 
|  48|0x0000000710400000, 0x0000000710600000, 0x0000000710600000|100%| E|CS|TAMS 0x0000000710400000, 0x0000000710400000| Complete 
|  49|0x0000000710600000, 0x0000000710800000, 0x0000000710800000|100%| E|CS|TAMS 0x0000000710600000, 0x0000000710600000| Complete 
|  50|0x0000000710800000, 0x0000000710a00000, 0x0000000710a00000|100%| E|CS|TAMS 0x0000000710800000, 0x0000000710800000| Complete 
|  51|0x0000000710a00000, 0x0000000710c00000, 0x0000000710c00000|100%| E|CS|TAMS 0x0000000710a00000, 0x0000000710a00000| Complete 
|  52|0x0000000710c00000, 0x0000000710e00000, 0x0000000710e00000|100%| E|CS|TAMS 0x0000000710c00000, 0x0000000710c00000| Complete 
|  53|0x0000000710e00000, 0x0000000711000000, 0x0000000711000000|100%| E|CS|TAMS 0x0000000710e00000, 0x0000000710e00000| Complete 
|  54|0x0000000711000000, 0x0000000711200000, 0x0000000711200000|100%| E|CS|TAMS 0x0000000711000000, 0x0000000711000000| Complete 
|  55|0x0000000711200000, 0x0000000711400000, 0x0000000711400000|100%| E|CS|TAMS 0x0000000711200000, 0x0000000711200000| Complete 
|  56|0x0000000711400000, 0x0000000711600000, 0x0000000711600000|100%| E|CS|TAMS 0x0000000711400000, 0x0000000711400000| Complete 

Card table byte_map: [0x000001af51d70000,0x000001af52520000] _byte_map_base: 0x000001af4e51e000

Marking Bits (Prev, Next): (CMBitMap*) 0x000001af4627be80, (CMBitMap*) 0x000001af4627bec0
 Prev Bits: [0x000001af52cd0000, 0x000001af56a40000)
 Next Bits: [0x000001af56a40000, 0x000001af5a7b0000)

Polling page: 0x000001af449c0000

Metaspace:

Usage:
  Non-class:     78.02 MB used.
      Class:     13.24 MB used.
       Both:     91.25 MB used.

Virtual space:
  Non-class space:      128.00 MB reserved,      78.44 MB ( 61%) committed,  2 nodes.
      Class space:        1.00 GB reserved,      13.62 MB (  1%) committed,  1 nodes.
             Both:        1.12 GB reserved,      92.06 MB (  8%) committed. 

Chunk freelists:
   Non-Class:  740.00 KB
       Class:  2.41 MB
        Both:  3.13 MB

MaxMetaspaceSize: unlimited
CompressedClassSpaceSize: 1.00 GB
Initial GC threshold: 21.00 MB
Current GC threshold: 153.12 MB
CDS: on
MetaspaceReclaimPolicy: balanced
 - commit_granule_bytes: 65536.
 - commit_granule_words: 8192.
 - virtual_space_node_default_size: 8388608.
 - enlarge_chunks_in_place: 1.
 - new_chunks_are_fully_committed: 0.
 - uncommit_free_chunks: 1.
 - use_allocation_guard: 0.
 - handle_deallocations: 1.


Internal statistics:

num_allocs_failed_limit: 9.
num_arena_births: 2232.
num_arena_deaths: 1232.
num_vsnodes_births: 3.
num_vsnodes_deaths: 0.
num_space_committed: 1525.
num_space_uncommitted: 52.
num_chunks_returned_to_freelist: 2311.
num_chunks_taken_from_freelist: 7237.
num_chunk_merges: 598.
num_chunk_splits: 3980.
num_chunks_enlarged: 2662.
num_purges: 30.
num_inconsistent_stats: 0.

CodeCache: size=49152Kb used=40181Kb max_used=41864Kb free=8970Kb
 bounds [0x000001af4db20000, 0x000001af50410000, 0x000001af50b20000]
 total_blobs=23547 nmethods=22793 adapters=679
 compilation: enabled
              stopped_count=0, restarted_count=0
 full_count=0

Compilation events (20 events):
Event: 4732.126 Thread 0x000001af651be630 23075       1       org.apache.commons.logging.LogAdapter$Slf4jLocationAwareLog::info (47 bytes)
Event: 4732.126 Thread 0x000001af651bff80 23076       1       org.apache.tomcat.util.XReflectionIntrospectionUtils::isEnabled (2 bytes)
Event: 4732.126 Thread 0x000001af651be630 nmethod 23075 0x000001af50400910 code [0x000001af50400b00, 0x000001af50400e78]
Event: 4732.126 Thread 0x000001af651be630 23077       1       org.springframework.boot.context.logging.LoggingApplicationListener::isAssignableFrom (45 bytes)
Event: 4732.126 Thread 0x000001af651bff80 nmethod 23076 0x000001af50401090 code [0x000001af50401220, 0x000001af504012d8]
Event: 4732.126 Thread 0x000001af651be630 nmethod 23077 0x000001af50401390 code [0x000001af50401540, 0x000001af504016c8]
Event: 4732.130 Thread 0x000001af651be630 23078       1       org.springframework.beans.factory.support.RootBeanDefinition::getResolvableType (41 bytes)
Event: 4732.131 Thread 0x000001af651be630 nmethod 23078 0x000001af50401810 code [0x000001af50401a20, 0x000001af50401f98]
Event: 5390.956 Thread 0x000001af5d4f8550 23079       1       java.util.concurrent.FutureTask::isDone (13 bytes)
Event: 5390.956 Thread 0x000001af5d4f8550 nmethod 23079 0x000001af5039b990 code [0x000001af5039bb20, 0x000001af5039bbf8]
Event: 5599.965 Thread 0x000001af5d4f8550 23080       1       java.net.InterfaceAddress::<init> (20 bytes)
Event: 5599.965 Thread 0x000001af5d4f8550 nmethod 23080 0x000001af5039b610 code [0x000001af5039b7a0, 0x000001af5039b8d8]
Event: 5599.993 Thread 0x000001af5d4f8550 23081       1       org.springframework.util.Assert::isInstanceOf (24 bytes)
Event: 5599.993 Thread 0x000001af5d4f8550 nmethod 23081 0x000001af5039b090 code [0x000001af5039b240, 0x000001af5039b468]
Event: 5599.993 Thread 0x000001af5d4f8550 23082   !   1       org.hibernate.validator.internal.util.ConcurrentReferenceHashMap$Segment::clear (75 bytes)
Event: 5599.993 Thread 0x000001af5d4f8550 nmethod 23082 0x000001af5039a610 code [0x000001af5039a820, 0x000001af5039ad68]
Event: 5599.993 Thread 0x000001af5d4f8550 23083       1       org.springframework.web.filter.GenericFilterBean::destroy (1 bytes)
Event: 5599.993 Thread 0x000001af5d4f8550 nmethod 23083 0x000001af5039a310 code [0x000001af5039a4a0, 0x000001af5039a558]
Event: 5599.995 Thread 0x000001af5d4f8550 23084       1       org.apache.catalina.core.StandardContext::isUseNaming (5 bytes)
Event: 5599.995 Thread 0x000001af5d4f8550 nmethod 23084 0x000001af5039a010 code [0x000001af5039a1a0, 0x000001af5039a278]

GC Heap History (20 events):
Event: 4560.453 GC heap before
{Heap before GC invocations=240 (full 14):
 garbage-first heap   total 116736K, used 90053K [0x000000070a400000, 0x0000000800000000)
  region size 2048K, 28 young (57344K), 3 survivors (6144K)
 Metaspace       used 93109K, committed 93952K, reserved 1179648K
  class space    used 13543K, committed 13952K, reserved 1048576K
}
Event: 4560.456 GC heap after
{Heap after GC invocations=241 (full 14):
 garbage-first heap   total 116736K, used 41053K [0x000000070a400000, 0x0000000800000000)
  region size 2048K, 2 young (4096K), 2 survivors (4096K)
 Metaspace       used 93109K, committed 93952K, reserved 1179648K
  class space    used 13543K, committed 13952K, reserved 1048576K
}
Event: 4560.777 GC heap before
{Heap before GC invocations=241 (full 14):
 garbage-first heap   total 116736K, used 88157K [0x000000070a400000, 0x0000000800000000)
  region size 2048K, 25 young (51200K), 2 survivors (4096K)
 Metaspace       used 93512K, committed 94272K, reserved 1179648K
  class space    used 13574K, committed 13952K, reserved 1048576K
}
Event: 4560.780 GC heap after
{Heap after GC invocations=242 (full 14):
 garbage-first heap   total 116736K, used 43000K [0x000000070a400000, 0x0000000800000000)
  region size 2048K, 3 young (6144K), 3 survivors (6144K)
 Metaspace       used 93512K, committed 94272K, reserved 1179648K
  class space    used 13574K, committed 13952K, reserved 1048576K
}
Event: 4713.031 GC heap before
{Heap before GC invocations=242 (full 14):
 garbage-first heap   total 116736K, used 90104K [0x000000070a400000, 0x0000000800000000)
  region size 2048K, 26 young (53248K), 3 survivors (6144K)
 Metaspace       used 93558K, committed 94336K, reserved 1179648K
  class space    used 13580K, committed 13952K, reserved 1048576K
}
Event: 4713.035 GC heap after
{Heap after GC invocations=243 (full 14):
 garbage-first heap   total 116736K, used 43182K [0x000000070a400000, 0x0000000800000000)
  region size 2048K, 2 young (4096K), 2 survivors (4096K)
 Metaspace       used 93558K, committed 94336K, reserved 1179648K
  class space    used 13580K, committed 13952K, reserved 1048576K
}
Event: 4729.953 GC heap before
{Heap before GC invocations=243 (full 14):
 garbage-first heap   total 116736K, used 47278K [0x000000070a400000, 0x0000000800000000)
  region size 2048K, 5 young (10240K), 2 survivors (4096K)
 Metaspace       used 93560K, committed 94336K, reserved 1179648K
  class space    used 13580K, committed 13952K, reserved 1048576K
}
Event: 4730.062 GC heap after
{Heap after GC invocations=244 (full 15):
 garbage-first heap   total 116736K, used 30114K [0x000000070a400000, 0x0000000800000000)
  region size 2048K, 0 young (0K), 0 survivors (0K)
 Metaspace       used 92228K, committed 94016K, reserved 1179648K
  class space    used 13409K, committed 13952K, reserved 1048576K
}
Event: 4730.963 GC heap before
{Heap before GC invocations=244 (full 15):
 garbage-first heap   total 116736K, used 85410K [0x000000070a400000, 0x0000000800000000)
  region size 2048K, 28 young (57344K), 0 survivors (0K)
 Metaspace       used 92569K, committed 94016K, reserved 1179648K
  class space    used 13458K, committed 13952K, reserved 1048576K
}
Event: 4730.966 GC heap after
{Heap after GC invocations=245 (full 15):
 garbage-first heap   total 116736K, used 35625K [0x000000070a400000, 0x0000000800000000)
  region size 2048K, 3 young (6144K), 3 survivors (6144K)
 Metaspace       used 92569K, committed 94016K, reserved 1179648K
  class space    used 13458K, committed 13952K, reserved 1048576K
}
Event: 4731.563 GC heap before
{Heap before GC invocations=245 (full 15):
 garbage-first heap   total 116736K, used 86825K [0x000000070a400000, 0x0000000800000000)
  region size 2048K, 28 young (57344K), 3 survivors (6144K)
 Metaspace       used 92971K, committed 94016K, reserved 1179648K
  class space    used 13511K, committed 13952K, reserved 1048576K
}
Event: 4731.567 GC heap after
{Heap after GC invocations=246 (full 15):
 garbage-first heap   total 116736K, used 38601K [0x000000070a400000, 0x0000000800000000)
  region size 2048K, 2 young (4096K), 2 survivors (4096K)
 Metaspace       used 92971K, committed 94016K, reserved 1179648K
  class space    used 13511K, committed 13952K, reserved 1048576K
}
Event: 4731.924 GC heap before
{Heap before GC invocations=246 (full 15):
 garbage-first heap   total 116736K, used 85705K [0x000000070a400000, 0x0000000800000000)
  region size 2048K, 25 young (51200K), 2 survivors (4096K)
 Metaspace       used 93395K, committed 94208K, reserved 1179648K
  class space    used 13547K, committed 13952K, reserved 1048576K
}
Event: 4731.927 GC heap after
{Heap after GC invocations=247 (full 15):
 garbage-first heap   total 116736K, used 41511K [0x000000070a400000, 0x0000000800000000)
  region size 2048K, 4 young (8192K), 4 survivors (8192K)
 Metaspace       used 93395K, committed 94208K, reserved 1179648K
  class space    used 13547K, committed 13952K, reserved 1048576K
}
Event: 4867.264 GC heap before
{Heap before GC invocations=247 (full 15):
 garbage-first heap   total 116736K, used 86567K [0x000000070a400000, 0x0000000800000000)
  region size 2048K, 26 young (53248K), 4 survivors (8192K)
 Metaspace       used 93441K, committed 94272K, reserved 1179648K
  class space    used 13553K, committed 13952K, reserved 1048576K
}
Event: 4867.268 GC heap after
{Heap after GC invocations=248 (full 15):
 garbage-first heap   total 116736K, used 42912K [0x000000070a400000, 0x0000000800000000)
  region size 2048K, 3 young (6144K), 3 survivors (6144K)
 Metaspace       used 93441K, committed 94272K, reserved 1179648K
  class space    used 13553K, committed 13952K, reserved 1048576K
}
Event: 5168.274 GC heap before
{Heap before GC invocations=248 (full 15):
 garbage-first heap   total 116736K, used 87968K [0x000000070a400000, 0x0000000800000000)
  region size 2048K, 25 young (51200K), 3 survivors (6144K)
 Metaspace       used 93441K, committed 94272K, reserved 1179648K
  class space    used 13553K, committed 13952K, reserved 1048576K
}
Event: 5168.276 GC heap after
{Heap after GC invocations=249 (full 15):
 garbage-first heap   total 116736K, used 42678K [0x000000070a400000, 0x0000000800000000)
  region size 2048K, 1 young (2048K), 1 survivors (2048K)
 Metaspace       used 93441K, committed 94272K, reserved 1179648K
  class space    used 13553K, committed 13952K, reserved 1048576K
}
Event: 5471.064 GC heap before
{Heap before GC invocations=249 (full 15):
 garbage-first heap   total 116736K, used 87734K [0x000000070a400000, 0x0000000800000000)
  region size 2048K, 23 young (47104K), 1 survivors (2048K)
 Metaspace       used 93441K, committed 94272K, reserved 1179648K
  class space    used 13553K, committed 13952K, reserved 1048576K
}
Event: 5471.066 GC heap after
{Heap after GC invocations=250 (full 15):
 garbage-first heap   total 116736K, used 42362K [0x000000070a400000, 0x0000000800000000)
  region size 2048K, 1 young (2048K), 1 survivors (2048K)
 Metaspace       used 93441K, committed 94272K, reserved 1179648K
  class space    used 13553K, committed 13952K, reserved 1048576K
}

Deoptimization events (20 events):
Event: 2.036 Thread 0x000001af6290a860 DEOPT PACKING pc=0x000001af4e07eb79 sp=0x00000070676fc910
Event: 2.036 Thread 0x000001af6290a860 DEOPT UNPACKING pc=0x000001af4db72b43 sp=0x00000070676fbdf0 mode 3
Event: 2.311 Thread 0x000001af6290a860 DEOPT PACKING pc=0x000001af4e0d60d5 sp=0x00000070676fcdf0
Event: 2.311 Thread 0x000001af6290a860 DEOPT UNPACKING pc=0x000001af4db72b43 sp=0x00000070676fc298 mode 3
Event: 5.402 Thread 0x000001af6290a860 DEOPT PACKING pc=0x000001af4e3e4379 sp=0x00000070676fd300
Event: 5.402 Thread 0x000001af6290a860 DEOPT UNPACKING pc=0x000001af4db72b43 sp=0x00000070676fc7e0 mode 3
Event: 6.239 Thread 0x000001af6290a860 DEOPT PACKING pc=0x000001af4e476ca5 sp=0x00000070676fca60
Event: 6.239 Thread 0x000001af6290a860 DEOPT UNPACKING pc=0x000001af4db72b43 sp=0x00000070676fbfc8 mode 3
Event: 15.260 Thread 0x000001af6290a860 DEOPT PACKING pc=0x000001af4e82d5cc sp=0x00000070676fc980
Event: 15.260 Thread 0x000001af6290a860 DEOPT UNPACKING pc=0x000001af4db72b43 sp=0x00000070676fbef8 mode 0
Event: 102.729 Thread 0x000001af637b8520 DEOPT PACKING pc=0x000001af4dd16f1c sp=0x00000070684fa830
Event: 102.729 Thread 0x000001af637b8520 DEOPT UNPACKING pc=0x000001af4db72b43 sp=0x00000070684f9ce0 mode 0
Event: 106.546 Thread 0x000001af637b9390 DEOPT PACKING pc=0x000001af4eb38b1b sp=0x00000070688fb350
Event: 106.546 Thread 0x000001af637b9390 DEOPT UNPACKING pc=0x000001af4db72b43 sp=0x00000070688fa878 mode 3
Event: 1873.418 Thread 0x000001af637b89f0 DEOPT PACKING pc=0x000001af4eed3d6b sp=0x00000070685f98c0
Event: 1873.418 Thread 0x000001af637b89f0 DEOPT UNPACKING pc=0x000001af4db72b43 sp=0x00000070685f8de0 mode 3
Event: 2249.224 Thread 0x000001af637b89f0 DEOPT PACKING pc=0x000001af4f6028fe sp=0x00000070685f76e0
Event: 2249.224 Thread 0x000001af637b89f0 DEOPT UNPACKING pc=0x000001af4db72b43 sp=0x00000070685f6b78 mode 3
Event: 2293.571 Thread 0x000001af637b6370 DEOPT PACKING pc=0x000001af4fadc464 sp=0x00000070664fb9e0
Event: 2293.571 Thread 0x000001af637b6370 DEOPT UNPACKING pc=0x000001af4db72b43 sp=0x00000070664fae78 mode 3

Classes unloaded (20 events):
Event: 4729.981 Thread 0x000001af5d4dcb10 Unloading class 0x000001af01d48c98 'com/example/Fstock/mapper/ProductMapper'
Event: 4729.981 Thread 0x000001af5d4dcb10 Unloading class 0x000001af01d48a58 'com/example/Fstock/mapper/PermissionMapperImpl'
Event: 4729.981 Thread 0x000001af5d4dcb10 Unloading class 0x000001af01d48860 'com/example/Fstock/mapper/PermissionMapper'
Event: 4729.981 Thread 0x000001af5d4dcb10 Unloading class 0x000001af01d48630 'com/example/Fstock/mapper/ColorMapperImpl'
Event: 4729.981 Thread 0x000001af5d4dcb10 Unloading class 0x000001af01d48438 'com/example/Fstock/mapper/ColorMapper'
Event: 4729.981 Thread 0x000001af5d4dcb10 Unloading class 0x000001af01d481f8 'com/example/Fstock/mapper/CategoryMapperImpl'
Event: 4729.981 Thread 0x000001af5d4dcb10 Unloading class 0x000001af01d48000 'com/example/Fstock/mapper/CategoryMapper'
Event: 4729.981 Thread 0x000001af5d4dcb10 Unloading class 0x000001af01d60ca8 'com/example/Fstock/exception/CustomExceptionHandler'
Event: 4729.981 Thread 0x000001af5d4dcb10 Unloading class 0x000001af01d60a80 'com/example/Fstock/controller/UserController'
Event: 4729.981 Thread 0x000001af5d4dcb10 Unloading class 0x000001af01d60870 'com/example/Fstock/controller/SizeController'
Event: 4729.981 Thread 0x000001af5d4dcb10 Unloading class 0x000001af01d60650 'com/example/Fstock/controller/RolesController'
Event: 4729.981 Thread 0x000001af5d4dcb10 Unloading class 0x000001af01d60440 'com/example/Fstock/controller/ReviewController'
Event: 4729.981 Thread 0x000001af5d4dcb10 Unloading class 0x000001af01d60220 'com/example/Fstock/controller/ProductController'
Event: 4729.981 Thread 0x000001af5d4dcb10 Unloading class 0x000001af01d60000 'com/example/Fstock/controller/PermissionController'
Event: 4729.981 Thread 0x000001af5d4dcb10 Unloading class 0x000001af01d58c38 'com/example/Fstock/controller/ColorController'
Event: 4729.981 Thread 0x000001af5d4dcb10 Unloading class 0x000001af01d58a28 'com/example/Fstock/controller/CategoryController'
Event: 4729.981 Thread 0x000001af5d4dcb10 Unloading class 0x000001af01d58800 'com/example/Fstock/controller/AuthenticationController'
Event: 4729.981 Thread 0x000001af5d4dcb10 Unloading class 0x000001af01d61408 'com/example/Fstock/config/FlywayConfig'
Event: 4729.981 Thread 0x000001af5d4dcb10 Unloading class 0x000001af01d61200 'com/example/Fstock/config/CorsConfig'
Event: 4729.981 Thread 0x000001af5d4dcb10 Unloading class 0x000001af01d61000 'com/example/Fstock/FstockApplication'

Classes redefined (0 events):
No events

Internal exceptions (20 events):
Event: 4730.841 Thread 0x000001af637b6370 Exception <a 'sun/nio/fs/WindowsException'{0x000000070e3c2b60}> (0x000000070e3c2b60) 
thrown [s\open\src\hotspot\share\prims\jni.cpp, line 516]
Event: 4730.841 Thread 0x000001af637b6370 Exception <a 'sun/nio/fs/WindowsException'{0x000000070e3c3228}> (0x000000070e3c3228) 
thrown [s\open\src\hotspot\share\prims\jni.cpp, line 516]
Event: 4730.851 Thread 0x000001af637b6370 Exception <a 'java/io/FileNotFoundException'{0x000000070e00d2e8}> (0x000000070e00d2e8) 
thrown [s\open\src\hotspot\share\prims\jni.cpp, line 516]
Event: 4730.880 Thread 0x000001af637b6370 Exception <a 'java/io/FileNotFoundException'{0x000000070df2cde8}> (0x000000070df2cde8) 
thrown [s\open\src\hotspot\share\prims\jni.cpp, line 516]
Event: 4730.986 Thread 0x000001af637b6370 Exception <a 'sun/nio/fs/WindowsException'{0x00000007115d69d0}> (0x00000007115d69d0) 
thrown [s\open\src\hotspot\share\prims\jni.cpp, line 516]
Event: 4731.595 Thread 0x000001af637b6370 Exception <a 'java/lang/reflect/InvocationTargetException'{0x0000000710e7ee70}> (0x0000000710e7ee70) 
thrown [s\open\src\hotspot\share\runtime\reflection.cpp, line 1121]
Event: 4731.595 Thread 0x000001af637b6370 Exception <a 'java/lang/reflect/InvocationTargetException'{0x0000000710e89620}> (0x0000000710e89620) 
thrown [s\open\src\hotspot\share\runtime\reflection.cpp, line 1121]
Event: 4731.596 Thread 0x000001af637b6370 Exception <a 'java/lang/reflect/InvocationTargetException'{0x0000000710e932c8}> (0x0000000710e932c8) 
thrown [s\open\src\hotspot\share\runtime\reflection.cpp, line 1121]
Event: 4731.597 Thread 0x000001af637b6370 Exception <a 'java/lang/reflect/InvocationTargetException'{0x0000000710e9d410}> (0x0000000710e9d410) 
thrown [s\open\src\hotspot\share\runtime\reflection.cpp, line 1121]
Event: 4731.612 Thread 0x000001af637b6370 Exception <a 'java/lang/reflect/InvocationTargetException'{0x0000000710d07e00}> (0x0000000710d07e00) 
thrown [s\open\src\hotspot\share\runtime\reflection.cpp, line 1121]
Event: 4731.665 Thread 0x000001af637b6370 Exception <a 'java/lang/reflect/InvocationTargetException'{0x00000007107e4860}> (0x00000007107e4860) 
thrown [s\open\src\hotspot\share\runtime\reflection.cpp, line 1121]
Event: 4731.683 Thread 0x000001af637b6370 Exception <a 'java/lang/reflect/InvocationTargetException'{0x0000000710243138}> (0x0000000710243138) 
thrown [s\open\src\hotspot\share\runtime\reflection.cpp, line 1121]
Event: 4731.684 Thread 0x000001af637b6370 Exception <a 'java/lang/reflect/InvocationTargetException'{0x0000000710253a78}> (0x0000000710253a78) 
thrown [s\open\src\hotspot\share\runtime\reflection.cpp, line 1121]
Event: 4731.685 Thread 0x000001af637b6370 Exception <a 'java/lang/reflect/InvocationTargetException'{0x0000000710265be0}> (0x0000000710265be0) 
thrown [s\open\src\hotspot\share\runtime\reflection.cpp, line 1121]
Event: 4731.686 Thread 0x000001af637b6370 Exception <a 'java/lang/reflect/InvocationTargetException'{0x00000007102761a8}> (0x00000007102761a8) 
thrown [s\open\src\hotspot\share\runtime\reflection.cpp, line 1121]
Event: 4731.688 Thread 0x000001af637b6370 Exception <a 'java/lang/reflect/InvocationTargetException'{0x0000000710288070}> (0x0000000710288070) 
thrown [s\open\src\hotspot\share\runtime\reflection.cpp, line 1121]
Event: 4731.729 Thread 0x000001af637b6370 Exception <a 'java/lang/reflect/InvocationTargetException'{0x000000070ff38348}> (0x000000070ff38348) 
thrown [s\open\src\hotspot\share\runtime\reflection.cpp, line 1121]
Event: 4731.880 Thread 0x000001af637b6370 Exception <a 'sun/nio/fs/WindowsException'{0x000000070ed2a8f0}> (0x000000070ed2a8f0) 
thrown [s\open\src\hotspot\share\prims\jni.cpp, line 516]
Event: 4819.704 Thread 0x000001af65120ec0 Exception <a 'java/lang/NoSuchMethodError'{0x000000070f120120}: static [B.<clinit>()V> (0x000000070f120120) 
thrown [s\open\src\hotspot\share\prims\jni.cpp, line 1107]
Event: 5599.995 Thread 0x000001af653cfa00 Exception <a 'java/lang/InterruptedException'{0x00000007100764e8}: sleep interrupted> (0x00000007100764e8) 
thrown [s\open\src\hotspot\share\prims\jvm.cpp, line 3070]

VM Operations (20 events):
Event: 4560.780 Executing VM operation: G1CollectForAllocation done
Event: 4713.031 Executing VM operation: G1CollectForAllocation
Event: 4713.035 Executing VM operation: G1CollectForAllocation done
Event: 4729.953 Executing VM operation: G1CollectFull
Event: 4730.062 Executing VM operation: G1CollectFull done
Event: 4730.963 Executing VM operation: G1CollectForAllocation
Event: 4730.966 Executing VM operation: G1CollectForAllocation done
Event: 4731.563 Executing VM operation: G1CollectForAllocation
Event: 4731.567 Executing VM operation: G1CollectForAllocation done
Event: 4731.924 Executing VM operation: G1CollectForAllocation
Event: 4731.927 Executing VM operation: G1CollectForAllocation done
Event: 4732.940 Executing VM operation: Cleanup
Event: 4732.940 Executing VM operation: Cleanup done
Event: 4867.264 Executing VM operation: G1CollectForAllocation
Event: 4867.268 Executing VM operation: G1CollectForAllocation done
Event: 5168.274 Executing VM operation: G1CollectForAllocation
Event: 5168.277 Executing VM operation: G1CollectForAllocation done
Event: 5471.064 Executing VM operation: G1CollectForAllocation
Event: 5471.066 Executing VM operation: G1CollectForAllocation done
Event: 5599.995 Executing VM operation: G1CollectFull

Events (20 events):
Event: 5058.055 Thread 0x000001af65120ec0 Thread exited: 0x000001af65120ec0
Event: 5599.955 Thread 0x000001af65214a70 Thread added: 0x000001af65214a70
Event: 5599.955 Thread 0x000001af64a81540 Thread exited: 0x000001af64a81540
Event: 5599.956 Thread 0x000001af637b6370 Thread added: 0x000001af637b6370
Event: 5599.992 Thread 0x000001af652681e0 Thread exited: 0x000001af652681e0
Event: 5599.992 Thread 0x000001af637b6370 Thread exited: 0x000001af637b6370
Event: 5599.992 Thread 0x000001af65266ea0 Thread exited: 0x000001af65266ea0
Event: 5599.992 Thread 0x000001af651246e0 Thread exited: 0x000001af651246e0
Event: 5599.992 Thread 0x000001af64a82880 Thread exited: 0x000001af64a82880
Event: 5599.992 Thread 0x000001af64a81070 Thread exited: 0x000001af64a81070
Event: 5599.992 Thread 0x000001af65123d40 Thread exited: 0x000001af65123d40
Event: 5599.992 Thread 0x000001af64a81a10 Thread exited: 0x000001af64a81a10
Event: 5599.992 Thread 0x000001af65123870 Thread exited: 0x000001af65123870
Event: 5599.992 Thread 0x000001af64a81ee0 Thread exited: 0x000001af64a81ee0
Event: 5599.992 Thread 0x000001af651233a0 Thread exited: 0x000001af651233a0
Event: 5599.992 Thread 0x000001af65122ed0 Thread exited: 0x000001af65122ed0
Event: 5599.992 Thread 0x000001af65124210 Thread exited: 0x000001af65124210
Event: 5599.995 Thread 0x000001af653cf060 Thread exited: 0x000001af653cf060
Event: 5599.995 Thread 0x000001af653d0d40 Thread exited: 0x000001af653d0d40
Event: 5599.995 Thread 0x000001af653cfa00 Thread exited: 0x000001af653cfa00


Dynamic libraries:
0x00007ff6158b0000 - 0x00007ff6158c0000 	C:\Program Files\Java\jdk-17.0.8\bin\java.exe
0x00007fff829e0000 - 0x00007fff82c43000 	C:\WINDOWS\SYSTEM32\ntdll.dll
0x00007fff82100000 - 0x00007fff821c7000 	C:\WINDOWS\System32\KERNEL32.DLL
0x00007fff800f0000 - 0x00007fff804b9000 	C:\WINDOWS\System32\KERNELBASE.dll
0x00007fff804c0000 - 0x00007fff8060c000 	C:\WINDOWS\System32\ucrtbase.dll
0x00007fff7c610000 - 0x00007fff7c62b000 	C:\Program Files\Java\jdk-17.0.8\bin\VCRUNTIME140.dll
0x00007fff76710000 - 0x00007fff76729000 	C:\Program Files\Java\jdk-17.0.8\bin\jli.dll
0x00007fff828e0000 - 0x00007fff82992000 	C:\WINDOWS\System32\ADVAPI32.dll
0x00007fff82830000 - 0x00007fff828d9000 	C:\WINDOWS\System32\msvcrt.dll
0x00007fff81490000 - 0x00007fff81536000 	C:\WINDOWS\System32\sechost.dll
0x00007fff82430000 - 0x00007fff82546000 	C:\WINDOWS\System32\RPCRT4.dll
0x00007fff82260000 - 0x00007fff8242a000 	C:\WINDOWS\System32\USER32.dll
0x00007fff6c5f0000 - 0x00007fff6c880000 	C:\WINDOWS\WinSxS\amd64_microsoft.windows.common-controls_6595b64144ccf1df_6.0.26100.3323_none_3e088096e3344490\COMCTL32.dll
0x00007fff7fe10000 - 0x00007fff7fe37000 	C:\WINDOWS\System32\win32u.dll
0x00007fff81eb0000 - 0x00007fff81eda000 	C:\WINDOWS\System32\GDI32.dll
0x00007fff7fe40000 - 0x00007fff7ff71000 	C:\WINDOWS\System32\gdi32full.dll
0x00007fff7fbe0000 - 0x00007fff7fc83000 	C:\WINDOWS\System32\msvcp_win.dll
0x00007fff792c0000 - 0x00007fff792cb000 	C:\WINDOWS\SYSTEM32\VERSION.dll
0x00007fff82550000 - 0x00007fff8257f000 	C:\WINDOWS\System32\IMM32.DLL
0x00007fff76700000 - 0x00007fff7670c000 	C:\Program Files\Java\jdk-17.0.8\bin\vcruntime140_1.dll
0x00007fff76670000 - 0x00007fff766fe000 	C:\Program Files\Java\jdk-17.0.8\bin\msvcp140.dll
0x00007ffeee970000 - 0x00007ffeef54e000 	C:\Program Files\Java\jdk-17.0.8\bin\server\jvm.dll
0x00007fff820f0000 - 0x00007fff820f8000 	C:\WINDOWS\System32\PSAPI.DLL
0x00007fff76660000 - 0x00007fff7666a000 	C:\WINDOWS\SYSTEM32\WSOCK32.dll
0x00007fff80cf0000 - 0x00007fff80d64000 	C:\WINDOWS\System32\WS2_32.dll
0x00007fff79280000 - 0x00007fff792b6000 	C:\WINDOWS\SYSTEM32\WINMM.dll
0x00007fff7ea00000 - 0x00007fff7ea1a000 	C:\WINDOWS\SYSTEM32\kernel.appcore.dll
0x00007fff76650000 - 0x00007fff7665a000 	C:\Program Files\Java\jdk-17.0.8\bin\jimage.dll
0x00007fff72550000 - 0x00007fff72791000 	C:\WINDOWS\SYSTEM32\DBGHELP.DLL
0x00007fff81540000 - 0x00007fff818c2000 	C:\WINDOWS\System32\combase.dll
0x00007fff818d0000 - 0x00007fff819a6000 	C:\WINDOWS\System32\OLEAUT32.dll
0x00007fff645d0000 - 0x00007fff64609000 	C:\WINDOWS\SYSTEM32\dbgcore.DLL
0x00007fff806d0000 - 0x00007fff80769000 	C:\WINDOWS\System32\bcryptPrimitives.dll
0x00007fff76610000 - 0x00007fff7661e000 	C:\Program Files\Java\jdk-17.0.8\bin\instrument.dll
0x00007fff76620000 - 0x00007fff76645000 	C:\Program Files\Java\jdk-17.0.8\bin\java.dll
0x00007fff2d6d0000 - 0x00007fff2d7a7000 	C:\Program Files\Java\jdk-17.0.8\bin\jsvml.dll
0x00007fff80d70000 - 0x00007fff81485000 	C:\WINDOWS\System32\SHELL32.dll
0x00007fff7ff80000 - 0x00007fff800e8000 	C:\WINDOWS\System32\wintypes.dll
0x00007fff7d8e0000 - 0x00007fff7e125000 	C:\WINDOWS\SYSTEM32\windows.storage.dll
0x00007fff82740000 - 0x00007fff8282b000 	C:\WINDOWS\System32\SHCORE.dll
0x00007fff81ee0000 - 0x00007fff81f3d000 	C:\WINDOWS\System32\shlwapi.dll
0x00007fff7faf0000 - 0x00007fff7fb1f000 	C:\WINDOWS\SYSTEM32\profapi.dll
0x00007fff472d0000 - 0x00007fff472e8000 	C:\Program Files\Java\jdk-17.0.8\bin\zip.dll
0x00007fff6b360000 - 0x00007fff6b379000 	C:\Program Files\Java\jdk-17.0.8\bin\net.dll
0x00007fff76770000 - 0x00007fff7688e000 	C:\WINDOWS\SYSTEM32\WINHTTP.dll
0x00007fff7ef20000 - 0x00007fff7ef8a000 	C:\WINDOWS\system32\mswsock.dll
0x00007fff472f0000 - 0x00007fff47306000 	C:\Program Files\Java\jdk-17.0.8\bin\nio.dll
0x00007fff46d40000 - 0x00007fff46d5a000 	C:\Program Files\JetBrains\IntelliJ IDEA 2024.2.1\bin\breakgen64.dll
0x00007fff7e480000 - 0x00007fff7e5a5000 	C:\WINDOWS\SYSTEM32\DNSAPI.dll
0x00007fff7e440000 - 0x00007fff7e473000 	C:\WINDOWS\SYSTEM32\IPHLPAPI.DLL
0x00007fff82720000 - 0x00007fff8272a000 	C:\WINDOWS\System32\NSI.dll
0x00007fff76090000 - 0x00007fff7609b000 	C:\Windows\System32\rasadhlp.dll
0x00007fff79a30000 - 0x00007fff79ab5000 	C:\WINDOWS\System32\fwpuclnt.dll
0x00007fff6b350000 - 0x00007fff6b35a000 	C:\Program Files\Java\jdk-17.0.8\bin\management.dll
0x00007fff6aab0000 - 0x00007fff6aabb000 	C:\Program Files\Java\jdk-17.0.8\bin\management_ext.dll
0x00007fff7f1c0000 - 0x00007fff7f1dc000 	C:\WINDOWS\SYSTEM32\CRYPTSP.dll
0x00007fff7e960000 - 0x00007fff7e99a000 	C:\WINDOWS\system32\rsaenh.dll
0x00007fff7efc0000 - 0x00007fff7efeb000 	C:\WINDOWS\SYSTEM32\USERENV.dll
0x00007fff7f400000 - 0x00007fff7f426000 	C:\WINDOWS\SYSTEM32\bcrypt.dll
0x00007fff7f1e0000 - 0x00007fff7f1ec000 	C:\WINDOWS\SYSTEM32\CRYPTBASE.dll
0x00007fff79340000 - 0x00007fff7935f000 	C:\WINDOWS\SYSTEM32\dhcpcsvc6.DLL
0x00007fff79130000 - 0x00007fff79155000 	C:\WINDOWS\SYSTEM32\dhcpcsvc.DLL
0x00007fff54ac0000 - 0x00007fff54ad8000 	C:\WINDOWS\system32\napinsp.dll
0x00007fff54aa0000 - 0x00007fff54ab2000 	C:\WINDOWS\System32\winrnr.dll
0x00007fff548d0000 - 0x00007fff548f2000 	C:\WINDOWS\system32\nlansp_c.dll
0x00007fff758c0000 - 0x00007fff758d6000 	C:\WINDOWS\system32\wshbth.dll
0x00007fff62bb0000 - 0x00007fff62bfe000 	C:\WINDOWS\SYSTEM32\pdh.dll
0x00007fff544a0000 - 0x00007fff544b2000 	C:\WINDOWS\System32\perfproc.dll
0x00007fff50190000 - 0x00007fff5019e000 	C:\Program Files\Java\jdk-17.0.8\bin\sunmscapi.dll
0x00007fff7fc90000 - 0x00007fff7fe07000 	C:\WINDOWS\System32\CRYPT32.dll
0x00007fff7f3c0000 - 0x00007fff7f3f0000 	C:\WINDOWS\SYSTEM32\ncrypt.dll
0x00007fff7f370000 - 0x00007fff7f3af000 	C:\WINDOWS\SYSTEM32\NTASN1.dll
0x00007fff76cf0000 - 0x00007fff76d00000 	C:\Program Files\Java\jdk-17.0.8\bin\verify.dll
0x00007ffef9c70000 - 0x00007ffef9c78000 	C:\WINDOWS\system32\wshunix.dll

dbghelp: loaded successfully - version: 4.0.5 - missing functions: none
symbol engine: initialized successfully - sym options: 0x614 - pdb path: .;C:\Program Files\Java\jdk-17.0.8\bin;C:\WINDOWS\SYSTEM32;C:\WINDOWS\WinSxS\amd64_microsoft.windows.common-controls_6595b64144ccf1df_6.0.26100.3323_none_3e088096e3344490;C:\Program Files\Java\jdk-17.0.8\bin\server;C:\Program Files\JetBrains\IntelliJ IDEA 2024.2.1\bin

VM Arguments:
jvm_args: -XX:TieredStopAtLevel=1 -Dspring.output.ansi.enabled=always -Dcom.sun.management.jmxremote -Dspring.jmx.enabled=true -Dspring.liveBeansView.mbeanDomain -Dspring.application.admin.enabled=true -Dmanagement.endpoints.jmx.exposure.include=* -javaagent:C:\Program Files\JetBrains\IntelliJ IDEA 2024.2.1\lib\idea_rt.jar=49941:C:\Program Files\JetBrains\IntelliJ IDEA 2024.2.1\bin -Dfile.encoding=UTF-8 
java_command: com.example.Fstock.FstockApplication
java_class_path (initial): E:\Fstock\BE\target\classes;C:\Users\Son\.m2\repository\org\springframework\boot\spring-boot-starter-data-jpa\3.4.2\spring-boot-starter-data-jpa-3.4.2.jar;C:\Users\Son\.m2\repository\org\springframework\boot\spring-boot-starter\3.4.2\spring-boot-starter-3.4.2.jar;C:\Users\Son\.m2\repository\org\springframework\boot\spring-boot-starter-logging\3.4.2\spring-boot-starter-logging-3.4.2.jar;C:\Users\Son\.m2\repository\ch\qos\logback\logback-classic\1.5.16\logback-classic-1.5.16.jar;C:\Users\Son\.m2\repository\ch\qos\logback\logback-core\1.5.16\logback-core-1.5.16.jar;C:\Users\Son\.m2\repository\org\apache\logging\log4j\log4j-to-slf4j\2.24.3\log4j-to-slf4j-2.24.3.jar;C:\Users\Son\.m2\repository\org\apache\logging\log4j\log4j-api\2.24.3\log4j-api-2.24.3.jar;C:\Users\Son\.m2\repository\org\slf4j\jul-to-slf4j\2.0.16\jul-to-slf4j-2.0.16.jar;C:\Users\Son\.m2\repository\jakarta\annotation\jakarta.annotation-api\2.1.1\jakarta.annotation-api-2.1.1.jar;C:\Users\Son\.m2\repository\org\yaml\snakeyaml\2.3\snakeyaml-2.3.jar;C:\Users\Son\.m2\repository\org\springframework\boot\spring-boot-starter-jdbc\3.4.2\spring-boot-starter-jdbc-3.4.2.jar;C:\Users\Son\.m2\repository\com\zaxxer\HikariCP\5.1.0\HikariCP-5.1.0.jar;C:\Users\Son\.m2\repository\org\springframework\spring-jdbc\6.2.2\spring-jdbc-6.2.2.jar;C:\Users\Son\.m2\repository\org\hibernate\orm\hibernate-core\6.6.5.Final\hibernate-core-6.6.5.Final.jar;C:\Users\Son\.m2\repository\jakarta\persistence\jakarta.persistence-api\3.1.0\jakarta.persistence-api-3.1.0.jar;C:\Users\Son\.m2\repository\jakarta\transaction\jakarta.transaction-api\2.0.1\jakarta.transaction-api-2.0.1.jar;C:\Users\Son\.m2\repository\org\jboss\logging\jboss-logging\3.6.1.Final\jboss-logging-3.6.1.Final.jar;C:\Users\Son\.m2\repository\org\hibernate\common\hibernate-commons-annotations\7.0.3.Final\hibernate-commons-annotations-7.0.3.Final.jar;C:\Users\Son\.m2\repository\io\smallrye\jandex\3.2.0\jandex-3.2.0.jar;C:\Users\Son\.m2\repository\com\f
Launcher Type: SUN_STANDARD

[Global flags]
     intx CICompilerCount                          = 4                                         {product} {ergonomic}
     uint ConcGCThreads                            = 3                                         {product} {ergonomic}
     uint G1ConcRefinementThreads                  = 10                                        {product} {ergonomic}
   size_t G1HeapRegionSize                         = 2097152                                   {product} {ergonomic}
    uintx GCDrainStackTargetSize                   = 64                                        {product} {ergonomic}
   size_t InitialHeapSize                          = 257949696                                 {product} {ergonomic}
     bool ManagementServer                         = true                                      {product} {command line}
   size_t MarkStackSize                            = 4194304                                   {product} {ergonomic}
   size_t MaxHeapSize                              = 4123000832                                {product} {ergonomic}
   size_t MaxNewSize                               = 2472542208                                {product} {ergonomic}
   size_t MinHeapDeltaBytes                        = 2097152                                   {product} {ergonomic}
   size_t MinHeapSize                              = 8388608                                   {product} {ergonomic}
    uintx NonProfiledCodeHeapSize                  = 0                                      {pd product} {ergonomic}
     bool ProfileInterpreter                       = false                                  {pd product} {command line}
    uintx ProfiledCodeHeapSize                     = 0                                      {pd product} {ergonomic}
   size_t SoftMaxHeapSize                          = 4123000832                             {manageable} {ergonomic}
     intx TieredStopAtLevel                        = 1                                         {product} {command line}
     bool UseCompressedClassPointers               = true                           {product lp64_product} {ergonomic}
     bool UseCompressedOops                        = true                           {product lp64_product} {ergonomic}
     bool UseG1GC                                  = true                                      {product} {ergonomic}
     bool UseLargePagesIndividualAllocation        = false                                  {pd product} {ergonomic}

Logging:
Log output configuration:
 #0: stdout all=warning uptime,level,tags
 #1: stderr all=off uptime,level,tags

Environment Variables:
JAVA_HOME=C:\Program Files\Java\jdk-17
PATH=C:\Program Files\Microsoft MPI\Bin\;C:\Program Files\Common Files\Oracle\Java\javapath;C:\Program Files (x86)\Common Files\Oracle\Java\javapath;C:\msys64\mingw64\bin;C:\WINDOWS\system32;C:\WINDOWS;C:\WINDOWS\System32\Wbem;C:\WINDOWS\System32\WindowsPowerShell\v1.0\;C:\WINDOWS\System32\OpenSSH\;C:\Program Files\apache-maven-3.9.5\bin;C:\Program Files\Java\jdk-17\bin;C:\Program Files\dotnet\;C:\Program Files\Microsoft SQL Server\150\Tools\Binn\;C:\Program Files\Microsoft SQL Server\Client SDK\ODBC\170\Tools\Binn\;C:\Program Files (x86)\Microsoft SQL Server\160\Tools\Binn\;C:\Program Files\Microsoft SQL Server\160\Tools\Binn\;C:\Program Files\Microsoft SQL Server\160\DTS\Binn\;C:\Program Files (x86)\Microsoft SQL Server\160\DTS\Binn\;C:\Program Files\Git\cmd;C:\Program Files\nodejs\;C:\Users\Son\AppData\Local\Programs\Python\Python311\Scripts\;C:\Users\Son\AppData\Local\Programs\Python\Python311\;C:\Users\Son\AppData\Local\Programs\Python\Launcher\;C:\Users\Son\AppData\Local\Microsoft\WindowsApps;C:\msys64\mingw64\bin;C:\Users\Son\.dotnet\tools;C:\Program Files\JetBrains\IntelliJ IDEA 2024.2.1\bin;;C:\Users\Son\AppData\Local\Programs\Azure Data Studio\bin;C:\Users\Son\AppData\Roaming\npm;C:\Users\Son\AppData\Local\Programs\Microsoft VS Code\bin
USERNAME=Son
OS=Windows_NT
PROCESSOR_IDENTIFIER=AMD64 Family 23 Model 104 Stepping 1, AuthenticAMD



---------------  S Y S T E M  ---------------

OS:
 Windows 11 , 64 bit Build 26100 (10.0.26100.3323)
OS uptime: 0 days 1:39 hours

CPU: total 12 (initial active 12) (12 cores per cpu, 2 threads per core) family 23 model 104 stepping 1 microcode 0x8608109, cx8, cmov, fxsr, ht, mmx, 3dnowpref, sse, sse2, sse3, ssse3, sse4a, sse4.1, sse4.2, popcnt, lzcnt, tsc, tscinvbit, avx, avx2, aes, clmul, bmi1, bmi2, adx, sha, fma, vzeroupper, clflush, clflushopt

Memory: 4k page, system-wide physical 15720M (1961M free)
TotalPageFile size 23400M (AvailPageFile size 62M)
current process WorkingSet (physical memory assigned to process): 325M, peak: 330M
current process commit charge ("private bytes"): 388M, peak: 402M

vm_info: Java HotSpot(TM) 64-Bit Server VM (17.0.8+9-LTS-211) for windows-amd64 JRE (17.0.8+9-LTS-211), built on Jun 14 2023 10:34:31 by "mach5one" with MS VC++ 17.1 (VS2022)

END.
